<?xml version="1.0" encoding="UTF-8"?>
<coverage generated="1505723960">
  <project timestamp="1505723960">
    <package name="Sender\Config">
      <file name="/home/tesark/open/deliver/src/Sender/Config/Config.php">
        <class name="Config" namespace="Sender\Config">
          <metrics complexity="21" methods="3" coveredmethods="0" conditionals="0" coveredconditionals="0" statements="54" coveredstatements="0" elements="57" coveredelements="0"/>
        </class>
        <line num="26" type="method" name="__construct" visibility="public" complexity="7" crap="56" count="0"/>
        <line num="27" type="stmt" count="0"/>
        <line num="28" type="stmt" count="0"/>
        <line num="29" type="stmt" count="0"/>
        <line num="30" type="stmt" count="0"/>
        <line num="31" type="stmt" count="0"/>
        <line num="32" type="stmt" count="0"/>
        <line num="33" type="stmt" count="0"/>
        <line num="35" type="stmt" count="0"/>
        <line num="36" type="stmt" count="0"/>
        <line num="37" type="stmt" count="0"/>
        <line num="38" type="stmt" count="0"/>
        <line num="39" type="stmt" count="0"/>
        <line num="40" type="stmt" count="0"/>
        <line num="41" type="stmt" count="0"/>
        <line num="42" type="stmt" count="0"/>
        <line num="43" type="stmt" count="0"/>
        <line num="44" type="stmt" count="0"/>
        <line num="45" type="stmt" count="0"/>
        <line num="46" type="stmt" count="0"/>
        <line num="47" type="stmt" count="0"/>
        <line num="48" type="stmt" count="0"/>
        <line num="49" type="stmt" count="0"/>
        <line num="50" type="stmt" count="0"/>
        <line num="51" type="stmt" count="0"/>
        <line num="52" type="stmt" count="0"/>
        <line num="53" type="stmt" count="0"/>
        <line num="58" type="method" name="getDefaults" visibility="public" complexity="10" crap="110" count="0"/>
        <line num="59" type="stmt" count="0"/>
        <line num="60" type="stmt" count="0"/>
        <line num="61" type="stmt" count="0"/>
        <line num="62" type="stmt" count="0"/>
        <line num="63" type="stmt" count="0"/>
        <line num="64" type="stmt" count="0"/>
        <line num="65" type="stmt" count="0"/>
        <line num="66" type="stmt" count="0"/>
        <line num="67" type="stmt" count="0"/>
        <line num="68" type="stmt" count="0"/>
        <line num="69" type="stmt" count="0"/>
        <line num="70" type="stmt" count="0"/>
        <line num="71" type="stmt" count="0"/>
        <line num="72" type="stmt" count="0"/>
        <line num="73" type="stmt" count="0"/>
        <line num="74" type="stmt" count="0"/>
        <line num="75" type="stmt" count="0"/>
        <line num="76" type="stmt" count="0"/>
        <line num="77" type="stmt" count="0"/>
        <line num="78" type="stmt" count="0"/>
        <line num="79" type="stmt" count="0"/>
        <line num="88" type="method" name="checkKey" visibility="protected" complexity="4" crap="20" count="0"/>
        <line num="89" type="stmt" count="0"/>
        <line num="90" type="stmt" count="0"/>
        <line num="91" type="stmt" count="0"/>
        <line num="92" type="stmt" count="0"/>
        <line num="93" type="stmt" count="0"/>
        <line num="94" type="stmt" count="0"/>
        <line num="95" type="stmt" count="0"/>
        <metrics loc="96" ncloc="68" classes="1" methods="3" coveredmethods="0" conditionals="0" coveredconditionals="0" statements="54" coveredstatements="0" elements="57" coveredelements="0"/>
      </file>
    </package>
    <package name="Sender">
      <file name="/home/tesark/open/deliver/src/Sender/Deliver.php">
        <class name="Deliver" namespace="Sender">
          <metrics complexity="7" methods="3" coveredmethods="0" conditionals="0" coveredconditionals="0" statements="41" coveredstatements="0" elements="44" coveredelements="0"/>
        </class>
        <line num="24" type="method" name="__construct" visibility="public" complexity="1" crap="2" count="0"/>
        <line num="25" type="stmt" count="0"/>
        <line num="26" type="stmt" count="0"/>
        <line num="27" type="stmt" count="0"/>
        <line num="36" type="method" name="sendSmsPost" visibility="public" complexity="2" crap="6" count="0"/>
        <line num="37" type="stmt" count="0"/>
        <line num="38" type="stmt" count="0"/>
        <line num="39" type="stmt" count="0"/>
        <line num="40" type="stmt" count="0"/>
        <line num="41" type="stmt" count="0"/>
        <line num="42" type="stmt" count="0"/>
        <line num="43" type="stmt" count="0"/>
        <line num="44" type="stmt" count="0"/>
        <line num="45" type="stmt" count="0"/>
        <line num="46" type="stmt" count="0"/>
        <line num="47" type="stmt" count="0"/>
        <line num="48" type="stmt" count="0"/>
        <line num="49" type="stmt" count="0"/>
        <line num="50" type="stmt" count="0"/>
        <line num="59" type="method" name="sendOtpGet" visibility="public" complexity="4" crap="20" count="0"/>
        <line num="60" type="stmt" count="0"/>
        <line num="61" type="stmt" count="0"/>
        <line num="62" type="stmt" count="0"/>
        <line num="63" type="stmt" count="0"/>
        <line num="64" type="stmt" count="0"/>
        <line num="65" type="stmt" count="0"/>
        <line num="66" type="stmt" count="0"/>
        <line num="67" type="stmt" count="0"/>
        <line num="68" type="stmt" count="0"/>
        <line num="69" type="stmt" count="0"/>
        <line num="70" type="stmt" count="0"/>
        <line num="71" type="stmt" count="0"/>
        <line num="72" type="stmt" count="0"/>
        <line num="73" type="stmt" count="0"/>
        <line num="74" type="stmt" count="0"/>
        <line num="75" type="stmt" count="0"/>
        <line num="76" type="stmt" count="0"/>
        <line num="78" type="stmt" count="0"/>
        <line num="79" type="stmt" count="0"/>
        <line num="80" type="stmt" count="0"/>
        <line num="81" type="stmt" count="0"/>
        <line num="82" type="stmt" count="0"/>
        <line num="83" type="stmt" count="0"/>
        <line num="84" type="stmt" count="0"/>
        <metrics loc="85" ncloc="59" classes="1" methods="3" coveredmethods="0" conditionals="0" coveredconditionals="0" statements="41" coveredstatements="0" elements="44" coveredelements="0"/>
      </file>
      <file name="/home/tesark/open/deliver/src/Sender/MobileNumber.php">
        <class name="MobileNumber" namespace="Sender">
          <metrics complexity="13" methods="3" coveredmethods="1" conditionals="0" coveredconditionals="0" statements="24" coveredstatements="22" elements="27" coveredelements="23"/>
        </class>
        <line num="24" type="method" name="isValidNumber" visibility="public" complexity="7" crap="7" count="4"/>
        <line num="26" type="stmt" count="4"/>
        <line num="27" type="stmt" count="3"/>
        <line num="28" type="stmt" count="3"/>
        <line num="29" type="stmt" count="3"/>
        <line num="30" type="stmt" count="3"/>
        <line num="31" type="stmt" count="3"/>
        <line num="32" type="stmt" count="3"/>
        <line num="33" type="stmt" count="3"/>
        <line num="34" type="stmt" count="2"/>
        <line num="35" type="stmt" count="3"/>
        <line num="38" type="stmt" count="1"/>
        <line num="39" type="stmt" count="1"/>
        <line num="42" type="stmt" count="3"/>
        <line num="44" type="stmt" count="1"/>
        <line num="55" type="method" name="addCountryCode" visibility="public" complexity="3" crap="3.07" count="2"/>
        <line num="57" type="stmt" count="2"/>
        <line num="58" type="stmt" count="2"/>
        <line num="59" type="stmt" count="2"/>
        <line num="60" type="stmt" count="2"/>
        <line num="62" type="stmt" count="0"/>
        <line num="73" type="method" name="isVaildCountryCode" visibility="public" complexity="3" crap="3.07" count="3"/>
        <line num="75" type="stmt" count="3"/>
        <line num="76" type="stmt" count="3"/>
        <line num="77" type="stmt" count="3"/>
        <line num="78" type="stmt" count="3"/>
        <line num="80" type="stmt" count="0"/>
        <metrics loc="83" ncloc="48" classes="1" methods="3" coveredmethods="1" conditionals="0" coveredconditionals="0" statements="24" coveredstatements="22" elements="27" coveredelements="23"/>
      </file>
      <file name="/home/tesark/open/deliver/src/Sender/OtpClass.php">
        <class name="OtpClass" namespace="Sender">
          <metrics complexity="96" methods="43" coveredmethods="0" conditionals="0" coveredconditionals="0" statements="271" coveredstatements="0" elements="314" coveredelements="0"/>
        </class>
        <line num="64" type="method" name="hasInputData" visibility="public" complexity="1" crap="2" count="0"/>
        <line num="65" type="stmt" count="0"/>
        <line num="66" type="stmt" count="0"/>
        <line num="67" type="stmt" count="0"/>
        <line num="72" type="method" name="hasSendData" visibility="public" complexity="1" crap="2" count="0"/>
        <line num="73" type="stmt" count="0"/>
        <line num="74" type="stmt" count="0"/>
        <line num="75" type="stmt" count="0"/>
        <line num="80" type="method" name="isMessageKeyExists" visibility="public" complexity="1" crap="2" count="0"/>
        <line num="81" type="stmt" count="0"/>
        <line num="82" type="stmt" count="0"/>
        <line num="83" type="stmt" count="0"/>
        <line num="88" type="method" name="isSenderKeyExists" visibility="public" complexity="1" crap="2" count="0"/>
        <line num="89" type="stmt" count="0"/>
        <line num="90" type="stmt" count="0"/>
        <line num="91" type="stmt" count="0"/>
        <line num="96" type="method" name="isOtpKeyExists" visibility="public" complexity="1" crap="2" count="0"/>
        <line num="97" type="stmt" count="0"/>
        <line num="98" type="stmt" count="0"/>
        <line num="99" type="stmt" count="0"/>
        <line num="104" type="method" name="isOneTimeKeyExists" visibility="public" complexity="1" crap="2" count="0"/>
        <line num="105" type="stmt" count="0"/>
        <line num="106" type="stmt" count="0"/>
        <line num="107" type="stmt" count="0"/>
        <line num="112" type="method" name="isOtpExpiryKeyExists" visibility="public" complexity="1" crap="2" count="0"/>
        <line num="113" type="stmt" count="0"/>
        <line num="114" type="stmt" count="0"/>
        <line num="115" type="stmt" count="0"/>
        <line num="120" type="method" name="isOtpLengthKeyExists" visibility="public" complexity="1" crap="2" count="0"/>
        <line num="121" type="stmt" count="0"/>
        <line num="122" type="stmt" count="0"/>
        <line num="123" type="stmt" count="0"/>
        <line num="128" type="method" name="isAuthKeyExists" visibility="public" complexity="1" crap="2" count="0"/>
        <line num="129" type="stmt" count="0"/>
        <line num="130" type="stmt" count="0"/>
        <line num="131" type="stmt" count="0"/>
        <line num="136" type="method" name="isMobileKeyExists" visibility="public" complexity="1" crap="2" count="0"/>
        <line num="137" type="stmt" count="0"/>
        <line num="138" type="stmt" count="0"/>
        <line num="139" type="stmt" count="0"/>
        <line num="144" type="method" name="isRetryTypeExists" visibility="public" complexity="1" crap="2" count="0"/>
        <line num="145" type="stmt" count="0"/>
        <line num="146" type="stmt" count="0"/>
        <line num="147" type="stmt" count="0"/>
        <line num="152" type="method" name="setMessage" visibility="public" complexity="1" crap="2" count="0"/>
        <line num="153" type="stmt" count="0"/>
        <line num="154" type="stmt" count="0"/>
        <line num="155" type="stmt" count="0"/>
        <line num="156" type="stmt" count="0"/>
        <line num="160" type="method" name="getMessage" visibility="public" complexity="1" crap="2" count="0"/>
        <line num="161" type="stmt" count="0"/>
        <line num="162" type="stmt" count="0"/>
        <line num="163" type="stmt" count="0"/>
        <line num="168" type="method" name="setSender" visibility="public" complexity="1" crap="2" count="0"/>
        <line num="169" type="stmt" count="0"/>
        <line num="170" type="stmt" count="0"/>
        <line num="171" type="stmt" count="0"/>
        <line num="172" type="stmt" count="0"/>
        <line num="176" type="method" name="getSender" visibility="public" complexity="1" crap="2" count="0"/>
        <line num="177" type="stmt" count="0"/>
        <line num="178" type="stmt" count="0"/>
        <line num="179" type="stmt" count="0"/>
        <line num="184" type="method" name="setOtp" visibility="public" complexity="1" crap="2" count="0"/>
        <line num="185" type="stmt" count="0"/>
        <line num="186" type="stmt" count="0"/>
        <line num="187" type="stmt" count="0"/>
        <line num="188" type="stmt" count="0"/>
        <line num="192" type="method" name="getOtp" visibility="public" complexity="1" crap="2" count="0"/>
        <line num="193" type="stmt" count="0"/>
        <line num="194" type="stmt" count="0"/>
        <line num="195" type="stmt" count="0"/>
        <line num="200" type="method" name="setOneTimePass" visibility="public" complexity="1" crap="2" count="0"/>
        <line num="201" type="stmt" count="0"/>
        <line num="202" type="stmt" count="0"/>
        <line num="203" type="stmt" count="0"/>
        <line num="204" type="stmt" count="0"/>
        <line num="208" type="method" name="getOneTimePass" visibility="public" complexity="1" crap="2" count="0"/>
        <line num="209" type="stmt" count="0"/>
        <line num="210" type="stmt" count="0"/>
        <line num="211" type="stmt" count="0"/>
        <line num="216" type="method" name="setOtpExpiry" visibility="public" complexity="1" crap="2" count="0"/>
        <line num="217" type="stmt" count="0"/>
        <line num="218" type="stmt" count="0"/>
        <line num="219" type="stmt" count="0"/>
        <line num="220" type="stmt" count="0"/>
        <line num="224" type="method" name="getOtpExpiry" visibility="public" complexity="1" crap="2" count="0"/>
        <line num="225" type="stmt" count="0"/>
        <line num="226" type="stmt" count="0"/>
        <line num="227" type="stmt" count="0"/>
        <line num="232" type="method" name="setOtpLength" visibility="public" complexity="1" crap="2" count="0"/>
        <line num="233" type="stmt" count="0"/>
        <line num="234" type="stmt" count="0"/>
        <line num="235" type="stmt" count="0"/>
        <line num="236" type="stmt" count="0"/>
        <line num="240" type="method" name="getOtpLength" visibility="public" complexity="1" crap="2" count="0"/>
        <line num="241" type="stmt" count="0"/>
        <line num="242" type="stmt" count="0"/>
        <line num="243" type="stmt" count="0"/>
        <line num="248" type="method" name="setAuthkey" visibility="public" complexity="1" crap="2" count="0"/>
        <line num="249" type="stmt" count="0"/>
        <line num="250" type="stmt" count="0"/>
        <line num="251" type="stmt" count="0"/>
        <line num="252" type="stmt" count="0"/>
        <line num="256" type="method" name="getAuthkey" visibility="public" complexity="1" crap="2" count="0"/>
        <line num="257" type="stmt" count="0"/>
        <line num="258" type="stmt" count="0"/>
        <line num="259" type="stmt" count="0"/>
        <line num="264" type="method" name="setmobile" visibility="public" complexity="1" crap="2" count="0"/>
        <line num="265" type="stmt" count="0"/>
        <line num="266" type="stmt" count="0"/>
        <line num="267" type="stmt" count="0"/>
        <line num="268" type="stmt" count="0"/>
        <line num="272" type="method" name="getmobile" visibility="public" complexity="1" crap="2" count="0"/>
        <line num="273" type="stmt" count="0"/>
        <line num="274" type="stmt" count="0"/>
        <line num="275" type="stmt" count="0"/>
        <line num="280" type="method" name="setRetryType" visibility="public" complexity="1" crap="2" count="0"/>
        <line num="281" type="stmt" count="0"/>
        <line num="282" type="stmt" count="0"/>
        <line num="283" type="stmt" count="0"/>
        <line num="284" type="stmt" count="0"/>
        <line num="288" type="method" name="getRetryType" visibility="public" complexity="1" crap="2" count="0"/>
        <line num="289" type="stmt" count="0"/>
        <line num="290" type="stmt" count="0"/>
        <line num="291" type="stmt" count="0"/>
        <line num="296" type="method" name="isInterger" visibility="public" complexity="1" crap="2" count="0"/>
        <line num="297" type="stmt" count="0"/>
        <line num="298" type="stmt" count="0"/>
        <line num="299" type="stmt" count="0"/>
        <line num="300" type="stmt" count="0"/>
        <line num="306" type="method" name="isString" visibility="public" complexity="1" crap="2" count="0"/>
        <line num="307" type="stmt" count="0"/>
        <line num="308" type="stmt" count="0"/>
        <line num="309" type="stmt" count="0"/>
        <line num="310" type="stmt" count="0"/>
        <line num="318" type="method" name="addMessage" visibility="public" complexity="5" crap="30" count="0"/>
        <line num="319" type="stmt" count="0"/>
        <line num="320" type="stmt" count="0"/>
        <line num="321" type="stmt" count="0"/>
        <line num="322" type="stmt" count="0"/>
        <line num="323" type="stmt" count="0"/>
        <line num="324" type="stmt" count="0"/>
        <line num="325" type="stmt" count="0"/>
        <line num="326" type="stmt" count="0"/>
        <line num="327" type="stmt" count="0"/>
        <line num="328" type="stmt" count="0"/>
        <line num="336" type="method" name="addSender" visibility="public" complexity="6" crap="42" count="0"/>
        <line num="337" type="stmt" count="0"/>
        <line num="338" type="stmt" count="0"/>
        <line num="339" type="stmt" count="0"/>
        <line num="340" type="stmt" count="0"/>
        <line num="341" type="stmt" count="0"/>
        <line num="342" type="stmt" count="0"/>
        <line num="343" type="stmt" count="0"/>
        <line num="344" type="stmt" count="0"/>
        <line num="345" type="stmt" count="0"/>
        <line num="346" type="stmt" count="0"/>
        <line num="347" type="stmt" count="0"/>
        <line num="348" type="stmt" count="0"/>
        <line num="349" type="stmt" count="0"/>
        <line num="350" type="stmt" count="0"/>
        <line num="351" type="stmt" count="0"/>
        <line num="359" type="method" name="addOtp" visibility="public" complexity="5" crap="30" count="0"/>
        <line num="360" type="stmt" count="0"/>
        <line num="361" type="stmt" count="0"/>
        <line num="362" type="stmt" count="0"/>
        <line num="363" type="stmt" count="0"/>
        <line num="364" type="stmt" count="0"/>
        <line num="365" type="stmt" count="0"/>
        <line num="366" type="stmt" count="0"/>
        <line num="367" type="stmt" count="0"/>
        <line num="368" type="stmt" count="0"/>
        <line num="369" type="stmt" count="0"/>
        <line num="377" type="method" name="addOneTimePass" visibility="public" complexity="5" crap="30" count="0"/>
        <line num="378" type="stmt" count="0"/>
        <line num="379" type="stmt" count="0"/>
        <line num="380" type="stmt" count="0"/>
        <line num="381" type="stmt" count="0"/>
        <line num="382" type="stmt" count="0"/>
        <line num="383" type="stmt" count="0"/>
        <line num="384" type="stmt" count="0"/>
        <line num="385" type="stmt" count="0"/>
        <line num="386" type="stmt" count="0"/>
        <line num="387" type="stmt" count="0"/>
        <line num="395" type="method" name="addOtpExpiry" visibility="public" complexity="5" crap="30" count="0"/>
        <line num="396" type="stmt" count="0"/>
        <line num="397" type="stmt" count="0"/>
        <line num="398" type="stmt" count="0"/>
        <line num="399" type="stmt" count="0"/>
        <line num="400" type="stmt" count="0"/>
        <line num="401" type="stmt" count="0"/>
        <line num="402" type="stmt" count="0"/>
        <line num="403" type="stmt" count="0"/>
        <line num="404" type="stmt" count="0"/>
        <line num="405" type="stmt" count="0"/>
        <line num="413" type="method" name="addOtpLength" visibility="public" complexity="5" crap="30" count="0"/>
        <line num="414" type="stmt" count="0"/>
        <line num="415" type="stmt" count="0"/>
        <line num="416" type="stmt" count="0"/>
        <line num="417" type="stmt" count="0"/>
        <line num="418" type="stmt" count="0"/>
        <line num="419" type="stmt" count="0"/>
        <line num="420" type="stmt" count="0"/>
        <line num="421" type="stmt" count="0"/>
        <line num="422" type="stmt" count="0"/>
        <line num="423" type="stmt" count="0"/>
        <line num="424" type="stmt" count="0"/>
        <line num="425" type="stmt" count="0"/>
        <line num="426" type="stmt" count="0"/>
        <line num="433" type="method" name="checkAuthKey" visibility="public" complexity="4" crap="20" count="0"/>
        <line num="434" type="stmt" count="0"/>
        <line num="435" type="stmt" count="0"/>
        <line num="436" type="stmt" count="0"/>
        <line num="437" type="stmt" count="0"/>
        <line num="438" type="stmt" count="0"/>
        <line num="439" type="stmt" count="0"/>
        <line num="440" type="stmt" count="0"/>
        <line num="441" type="stmt" count="0"/>
        <line num="442" type="stmt" count="0"/>
        <line num="443" type="stmt" count="0"/>
        <line num="444" type="stmt" count="0"/>
        <line num="445" type="stmt" count="0"/>
        <line num="452" type="method" name="checkMobile" visibility="public" complexity="4" crap="20" count="0"/>
        <line num="453" type="stmt" count="0"/>
        <line num="454" type="stmt" count="0"/>
        <line num="455" type="stmt" count="0"/>
        <line num="456" type="stmt" count="0"/>
        <line num="457" type="stmt" count="0"/>
        <line num="458" type="stmt" count="0"/>
        <line num="459" type="stmt" count="0"/>
        <line num="460" type="stmt" count="0"/>
        <line num="461" type="stmt" count="0"/>
        <line num="462" type="stmt" count="0"/>
        <line num="463" type="stmt" count="0"/>
        <line num="464" type="stmt" count="0"/>
        <line num="474" type="method" name="sendOtp" visibility="public" complexity="11" crap="132" count="0"/>
        <line num="475" type="stmt" count="0"/>
        <line num="476" type="stmt" count="0"/>
        <line num="477" type="stmt" count="0"/>
        <line num="478" type="stmt" count="0"/>
        <line num="479" type="stmt" count="0"/>
        <line num="480" type="stmt" count="0"/>
        <line num="482" type="stmt" count="0"/>
        <line num="484" type="stmt" count="0"/>
        <line num="486" type="stmt" count="0"/>
        <line num="487" type="stmt" count="0"/>
        <line num="488" type="stmt" count="0"/>
        <line num="489" type="stmt" count="0"/>
        <line num="491" type="stmt" count="0"/>
        <line num="493" type="stmt" count="0"/>
        <line num="494" type="stmt" count="0"/>
        <line num="495" type="stmt" count="0"/>
        <line num="496" type="stmt" count="0"/>
        <line num="497" type="stmt" count="0"/>
        <line num="498" type="stmt" count="0"/>
        <line num="499" type="stmt" count="0"/>
        <line num="500" type="stmt" count="0"/>
        <line num="501" type="stmt" count="0"/>
        <line num="502" type="stmt" count="0"/>
        <line num="503" type="stmt" count="0"/>
        <line num="504" type="stmt" count="0"/>
        <line num="505" type="stmt" count="0"/>
        <line num="506" type="stmt" count="0"/>
        <line num="507" type="stmt" count="0"/>
        <line num="516" type="method" name="addRetryType" visibility="public" complexity="5" crap="30" count="0"/>
        <line num="517" type="stmt" count="0"/>
        <line num="518" type="stmt" count="0"/>
        <line num="519" type="stmt" count="0"/>
        <line num="520" type="stmt" count="0"/>
        <line num="521" type="stmt" count="0"/>
        <line num="522" type="stmt" count="0"/>
        <line num="523" type="stmt" count="0"/>
        <line num="524" type="stmt" count="0"/>
        <line num="525" type="stmt" count="0"/>
        <line num="526" type="stmt" count="0"/>
        <line num="527" type="stmt" count="0"/>
        <line num="528" type="stmt" count="0"/>
        <line num="529" type="stmt" count="0"/>
        <line num="538" type="method" name="retryOtp" visibility="public" complexity="5" crap="30" count="0"/>
        <line num="539" type="stmt" count="0"/>
        <line num="540" type="stmt" count="0"/>
        <line num="541" type="stmt" count="0"/>
        <line num="542" type="stmt" count="0"/>
        <line num="543" type="stmt" count="0"/>
        <line num="544" type="stmt" count="0"/>
        <line num="546" type="stmt" count="0"/>
        <line num="547" type="stmt" count="0"/>
        <line num="548" type="stmt" count="0"/>
        <line num="549" type="stmt" count="0"/>
        <line num="550" type="stmt" count="0"/>
        <line num="551" type="stmt" count="0"/>
        <line num="552" type="stmt" count="0"/>
        <line num="553" type="stmt" count="0"/>
        <line num="554" type="stmt" count="0"/>
        <line num="555" type="stmt" count="0"/>
        <line num="556" type="stmt" count="0"/>
        <line num="566" type="method" name="verifyOtp" visibility="public" complexity="5" crap="30" count="0"/>
        <line num="567" type="stmt" count="0"/>
        <line num="568" type="stmt" count="0"/>
        <line num="569" type="stmt" count="0"/>
        <line num="570" type="stmt" count="0"/>
        <line num="571" type="stmt" count="0"/>
        <line num="572" type="stmt" count="0"/>
        <line num="574" type="stmt" count="0"/>
        <line num="575" type="stmt" count="0"/>
        <line num="576" type="stmt" count="0"/>
        <line num="577" type="stmt" count="0"/>
        <line num="578" type="stmt" count="0"/>
        <line num="579" type="stmt" count="0"/>
        <line num="580" type="stmt" count="0"/>
        <line num="581" type="stmt" count="0"/>
        <line num="582" type="stmt" count="0"/>
        <line num="583" type="stmt" count="0"/>
        <line num="584" type="stmt" count="0"/>
        <metrics loc="585" ncloc="329" classes="1" methods="43" coveredmethods="0" conditionals="0" coveredconditionals="0" statements="271" coveredstatements="0" elements="314" coveredelements="0"/>
      </file>
      <file name="/home/tesark/open/deliver/src/Sender/OtpSend.php">
        <class name="OtpSend" namespace="Sender">
          <metrics complexity="10" methods="4" coveredmethods="0" conditionals="0" coveredconditionals="0" statements="44" coveredstatements="0" elements="48" coveredelements="0"/>
        </class>
        <line num="24" type="method" name="__construct" visibility="public" complexity="1" crap="2" count="0"/>
        <line num="25" type="stmt" count="0"/>
        <line num="26" type="stmt" count="0"/>
        <line num="27" type="stmt" count="0"/>
        <line num="36" type="method" name="sendOtp" visibility="public" complexity="3" crap="12" count="0"/>
        <line num="37" type="stmt" count="0"/>
        <line num="38" type="stmt" count="0"/>
        <line num="39" type="stmt" count="0"/>
        <line num="40" type="stmt" count="0"/>
        <line num="42" type="stmt" count="0"/>
        <line num="43" type="stmt" count="0"/>
        <line num="44" type="stmt" count="0"/>
        <line num="45" type="stmt" count="0"/>
        <line num="46" type="stmt" count="0"/>
        <line num="47" type="stmt" count="0"/>
        <line num="48" type="stmt" count="0"/>
        <line num="49" type="stmt" count="0"/>
        <line num="50" type="stmt" count="0"/>
        <line num="59" type="method" name="verifyOtp" visibility="public" complexity="3" crap="12" count="0"/>
        <line num="60" type="stmt" count="0"/>
        <line num="61" type="stmt" count="0"/>
        <line num="62" type="stmt" count="0"/>
        <line num="63" type="stmt" count="0"/>
        <line num="64" type="stmt" count="0"/>
        <line num="66" type="stmt" count="0"/>
        <line num="67" type="stmt" count="0"/>
        <line num="68" type="stmt" count="0"/>
        <line num="69" type="stmt" count="0"/>
        <line num="70" type="stmt" count="0"/>
        <line num="71" type="stmt" count="0"/>
        <line num="72" type="stmt" count="0"/>
        <line num="73" type="stmt" count="0"/>
        <line num="74" type="stmt" count="0"/>
        <line num="83" type="method" name="resendOtp" visibility="public" complexity="3" crap="12" count="0"/>
        <line num="84" type="stmt" count="0"/>
        <line num="85" type="stmt" count="0"/>
        <line num="86" type="stmt" count="0"/>
        <line num="87" type="stmt" count="0"/>
        <line num="88" type="stmt" count="0"/>
        <line num="90" type="stmt" count="0"/>
        <line num="91" type="stmt" count="0"/>
        <line num="92" type="stmt" count="0"/>
        <line num="93" type="stmt" count="0"/>
        <line num="94" type="stmt" count="0"/>
        <line num="95" type="stmt" count="0"/>
        <line num="96" type="stmt" count="0"/>
        <line num="97" type="stmt" count="0"/>
        <line num="98" type="stmt" count="0"/>
        <metrics loc="99" ncloc="58" classes="1" methods="4" coveredmethods="0" conditionals="0" coveredconditionals="0" statements="44" coveredstatements="0" elements="48" coveredelements="0"/>
      </file>
      <file name="/home/tesark/open/deliver/src/Sender/PromotionalSms.php">
        <class name="PromotionalSms" namespace="Sender">
          <metrics complexity="9" methods="3" coveredmethods="0" conditionals="0" coveredconditionals="0" statements="36" coveredstatements="0" elements="39" coveredelements="0"/>
        </class>
        <line num="23" type="method" name="__construct" visibility="public" complexity="1" crap="2" count="0"/>
        <line num="24" type="stmt" count="0"/>
        <line num="25" type="stmt" count="0"/>
        <line num="26" type="stmt" count="0"/>
        <line num="34" type="method" name="sendPromotional" visibility="public" complexity="3" crap="12" count="0"/>
        <line num="35" type="stmt" count="0"/>
        <line num="36" type="stmt" count="0"/>
        <line num="37" type="stmt" count="0"/>
        <line num="39" type="stmt" count="0"/>
        <line num="40" type="stmt" count="0"/>
        <line num="41" type="stmt" count="0"/>
        <line num="42" type="stmt" count="0"/>
        <line num="43" type="stmt" count="0"/>
        <line num="44" type="stmt" count="0"/>
        <line num="45" type="stmt" count="0"/>
        <line num="46" type="stmt" count="0"/>
        <line num="47" type="stmt" count="0"/>
        <line num="48" type="stmt" count="0"/>
        <line num="49" type="stmt" count="0"/>
        <line num="60" type="method" name="sendBulkSms" visibility="public" complexity="5" crap="30" count="0"/>
        <line num="61" type="stmt" count="0"/>
        <line num="62" type="stmt" count="0"/>
        <line num="63" type="stmt" count="0"/>
        <line num="64" type="stmt" count="0"/>
        <line num="65" type="stmt" count="0"/>
        <line num="66" type="stmt" count="0"/>
        <line num="67" type="stmt" count="0"/>
        <line num="68" type="stmt" count="0"/>
        <line num="69" type="stmt" count="0"/>
        <line num="70" type="stmt" count="0"/>
        <line num="71" type="stmt" count="0"/>
        <line num="72" type="stmt" count="0"/>
        <line num="73" type="stmt" count="0"/>
        <line num="74" type="stmt" count="0"/>
        <line num="75" type="stmt" count="0"/>
        <line num="76" type="stmt" count="0"/>
        <line num="77" type="stmt" count="0"/>
        <line num="78" type="stmt" count="0"/>
        <line num="79" type="stmt" count="0"/>
        <metrics loc="80" ncloc="51" classes="1" methods="3" coveredmethods="0" conditionals="0" coveredconditionals="0" statements="36" coveredstatements="0" elements="39" coveredelements="0"/>
      </file>
      <file name="/home/tesark/open/deliver/src/Sender/SmsClass.php">
        <class name="SmsClass" namespace="Sender">
          <metrics complexity="141" methods="61" coveredmethods="0" conditionals="0" coveredconditionals="0" statements="447" coveredstatements="0" elements="508" coveredelements="0"/>
        </class>
        <line num="85" type="method" name="hasMobileNumber" visibility="public" complexity="1" crap="2" count="0"/>
        <line num="86" type="stmt" count="0"/>
        <line num="87" type="stmt" count="0"/>
        <line num="88" type="stmt" count="0"/>
        <line num="93" type="method" name="hasData" visibility="public" complexity="1" crap="2" count="0"/>
        <line num="94" type="stmt" count="0"/>
        <line num="95" type="stmt" count="0"/>
        <line num="96" type="stmt" count="0"/>
        <line num="101" type="method" name="hasSendData" visibility="public" complexity="1" crap="2" count="0"/>
        <line num="102" type="stmt" count="0"/>
        <line num="103" type="stmt" count="0"/>
        <line num="104" type="stmt" count="0"/>
        <line num="109" type="method" name="hasXmlData" visibility="public" complexity="1" crap="2" count="0"/>
        <line num="110" type="stmt" count="0"/>
        <line num="111" type="stmt" count="0"/>
        <line num="112" type="stmt" count="0"/>
        <line num="117" type="method" name="isAuthKeyExists" visibility="public" complexity="1" crap="2" count="0"/>
        <line num="118" type="stmt" count="0"/>
        <line num="119" type="stmt" count="0"/>
        <line num="120" type="stmt" count="0"/>
        <line num="125" type="method" name="isMessageKeyExists" visibility="public" complexity="1" crap="2" count="0"/>
        <line num="126" type="stmt" count="0"/>
        <line num="127" type="stmt" count="0"/>
        <line num="128" type="stmt" count="0"/>
        <line num="133" type="method" name="isUnicodeKeyExists" visibility="public" complexity="1" crap="2" count="0"/>
        <line num="134" type="stmt" count="0"/>
        <line num="135" type="stmt" count="0"/>
        <line num="136" type="stmt" count="0"/>
        <line num="141" type="method" name="isSenderKeyExists" visibility="public" complexity="1" crap="2" count="0"/>
        <line num="142" type="stmt" count="0"/>
        <line num="143" type="stmt" count="0"/>
        <line num="144" type="stmt" count="0"/>
        <line num="149" type="method" name="isCountryKeyExists" visibility="public" complexity="1" crap="2" count="0"/>
        <line num="150" type="stmt" count="0"/>
        <line num="151" type="stmt" count="0"/>
        <line num="152" type="stmt" count="0"/>
        <line num="157" type="method" name="isFlashKeyExists" visibility="public" complexity="1" crap="2" count="0"/>
        <line num="158" type="stmt" count="0"/>
        <line num="159" type="stmt" count="0"/>
        <line num="160" type="stmt" count="0"/>
        <line num="165" type="method" name="isSchtimeKeyExists" visibility="public" complexity="1" crap="2" count="0"/>
        <line num="166" type="stmt" count="0"/>
        <line num="167" type="stmt" count="0"/>
        <line num="168" type="stmt" count="0"/>
        <line num="173" type="method" name="isAfterMinutesKeyExists" visibility="public" complexity="1" crap="2" count="0"/>
        <line num="174" type="stmt" count="0"/>
        <line num="175" type="stmt" count="0"/>
        <line num="176" type="stmt" count="0"/>
        <line num="181" type="method" name="isResponseKeyExists" visibility="public" complexity="1" crap="2" count="0"/>
        <line num="182" type="stmt" count="0"/>
        <line num="183" type="stmt" count="0"/>
        <line num="184" type="stmt" count="0"/>
        <line num="189" type="method" name="isCampaignKeyExists" visibility="public" complexity="1" crap="2" count="0"/>
        <line num="190" type="stmt" count="0"/>
        <line num="191" type="stmt" count="0"/>
        <line num="192" type="stmt" count="0"/>
        <line num="197" type="method" name="isContentKeyExists" visibility="public" complexity="1" crap="2" count="0"/>
        <line num="198" type="stmt" count="0"/>
        <line num="199" type="stmt" count="0"/>
        <line num="200" type="stmt" count="0"/>
        <line num="205" type="method" name="setContent" visibility="public" complexity="1" crap="2" count="0"/>
        <line num="206" type="stmt" count="0"/>
        <line num="207" type="stmt" count="0"/>
        <line num="208" type="stmt" count="0"/>
        <line num="209" type="stmt" count="0"/>
        <line num="213" type="method" name="getContent" visibility="public" complexity="1" crap="2" count="0"/>
        <line num="214" type="stmt" count="0"/>
        <line num="215" type="stmt" count="0"/>
        <line num="216" type="stmt" count="0"/>
        <line num="221" type="method" name="setMobile" visibility="public" complexity="1" crap="2" count="0"/>
        <line num="222" type="stmt" count="0"/>
        <line num="223" type="stmt" count="0"/>
        <line num="224" type="stmt" count="0"/>
        <line num="225" type="stmt" count="0"/>
        <line num="229" type="method" name="getMobile" visibility="public" complexity="1" crap="2" count="0"/>
        <line num="230" type="stmt" count="0"/>
        <line num="231" type="stmt" count="0"/>
        <line num="232" type="stmt" count="0"/>
        <line num="237" type="method" name="setMobiles" visibility="public" complexity="1" crap="2" count="0"/>
        <line num="238" type="stmt" count="0"/>
        <line num="239" type="stmt" count="0"/>
        <line num="240" type="stmt" count="0"/>
        <line num="241" type="stmt" count="0"/>
        <line num="245" type="method" name="getMobiles" visibility="public" complexity="1" crap="2" count="0"/>
        <line num="246" type="stmt" count="0"/>
        <line num="247" type="stmt" count="0"/>
        <line num="248" type="stmt" count="0"/>
        <line num="253" type="method" name="setAuthKey" visibility="public" complexity="1" crap="2" count="0"/>
        <line num="254" type="stmt" count="0"/>
        <line num="255" type="stmt" count="0"/>
        <line num="256" type="stmt" count="0"/>
        <line num="257" type="stmt" count="0"/>
        <line num="261" type="method" name="getAuthKey" visibility="public" complexity="1" crap="2" count="0"/>
        <line num="262" type="stmt" count="0"/>
        <line num="263" type="stmt" count="0"/>
        <line num="264" type="stmt" count="0"/>
        <line num="269" type="method" name="setMessage" visibility="public" complexity="1" crap="2" count="0"/>
        <line num="270" type="stmt" count="0"/>
        <line num="271" type="stmt" count="0"/>
        <line num="272" type="stmt" count="0"/>
        <line num="273" type="stmt" count="0"/>
        <line num="277" type="method" name="getMessage" visibility="public" complexity="1" crap="2" count="0"/>
        <line num="278" type="stmt" count="0"/>
        <line num="279" type="stmt" count="0"/>
        <line num="280" type="stmt" count="0"/>
        <line num="285" type="method" name="setUnicode" visibility="public" complexity="1" crap="2" count="0"/>
        <line num="286" type="stmt" count="0"/>
        <line num="287" type="stmt" count="0"/>
        <line num="288" type="stmt" count="0"/>
        <line num="289" type="stmt" count="0"/>
        <line num="293" type="method" name="getUnicode" visibility="public" complexity="1" crap="2" count="0"/>
        <line num="294" type="stmt" count="0"/>
        <line num="295" type="stmt" count="0"/>
        <line num="296" type="stmt" count="0"/>
        <line num="301" type="method" name="setSender" visibility="public" complexity="1" crap="2" count="0"/>
        <line num="302" type="stmt" count="0"/>
        <line num="303" type="stmt" count="0"/>
        <line num="304" type="stmt" count="0"/>
        <line num="305" type="stmt" count="0"/>
        <line num="309" type="method" name="getSender" visibility="public" complexity="1" crap="2" count="0"/>
        <line num="310" type="stmt" count="0"/>
        <line num="311" type="stmt" count="0"/>
        <line num="312" type="stmt" count="0"/>
        <line num="317" type="method" name="setCountry" visibility="public" complexity="1" crap="2" count="0"/>
        <line num="318" type="stmt" count="0"/>
        <line num="319" type="stmt" count="0"/>
        <line num="320" type="stmt" count="0"/>
        <line num="321" type="stmt" count="0"/>
        <line num="325" type="method" name="getCountry" visibility="public" complexity="1" crap="2" count="0"/>
        <line num="326" type="stmt" count="0"/>
        <line num="327" type="stmt" count="0"/>
        <line num="328" type="stmt" count="0"/>
        <line num="333" type="method" name="setFlash" visibility="public" complexity="1" crap="2" count="0"/>
        <line num="334" type="stmt" count="0"/>
        <line num="335" type="stmt" count="0"/>
        <line num="336" type="stmt" count="0"/>
        <line num="337" type="stmt" count="0"/>
        <line num="341" type="method" name="getFlash" visibility="public" complexity="1" crap="2" count="0"/>
        <line num="342" type="stmt" count="0"/>
        <line num="343" type="stmt" count="0"/>
        <line num="344" type="stmt" count="0"/>
        <line num="349" type="method" name="setSchtime" visibility="public" complexity="1" crap="2" count="0"/>
        <line num="350" type="stmt" count="0"/>
        <line num="351" type="stmt" count="0"/>
        <line num="352" type="stmt" count="0"/>
        <line num="353" type="stmt" count="0"/>
        <line num="357" type="method" name="getSchtime" visibility="public" complexity="1" crap="2" count="0"/>
        <line num="358" type="stmt" count="0"/>
        <line num="359" type="stmt" count="0"/>
        <line num="360" type="stmt" count="0"/>
        <line num="365" type="method" name="setAfterminutes" visibility="public" complexity="1" crap="2" count="0"/>
        <line num="366" type="stmt" count="0"/>
        <line num="367" type="stmt" count="0"/>
        <line num="368" type="stmt" count="0"/>
        <line num="369" type="stmt" count="0"/>
        <line num="373" type="method" name="getAfterminutes" visibility="public" complexity="1" crap="2" count="0"/>
        <line num="374" type="stmt" count="0"/>
        <line num="375" type="stmt" count="0"/>
        <line num="376" type="stmt" count="0"/>
        <line num="381" type="method" name="setResponse" visibility="public" complexity="1" crap="2" count="0"/>
        <line num="382" type="stmt" count="0"/>
        <line num="383" type="stmt" count="0"/>
        <line num="384" type="stmt" count="0"/>
        <line num="385" type="stmt" count="0"/>
        <line num="389" type="method" name="getResponse" visibility="public" complexity="1" crap="2" count="0"/>
        <line num="390" type="stmt" count="0"/>
        <line num="391" type="stmt" count="0"/>
        <line num="392" type="stmt" count="0"/>
        <line num="397" type="method" name="setCampaign" visibility="public" complexity="1" crap="2" count="0"/>
        <line num="398" type="stmt" count="0"/>
        <line num="399" type="stmt" count="0"/>
        <line num="400" type="stmt" count="0"/>
        <line num="401" type="stmt" count="0"/>
        <line num="405" type="method" name="getCampaign" visibility="public" complexity="1" crap="2" count="0"/>
        <line num="406" type="stmt" count="0"/>
        <line num="407" type="stmt" count="0"/>
        <line num="408" type="stmt" count="0"/>
        <line num="414" type="method" name="isInterger" visibility="public" complexity="1" crap="2" count="0"/>
        <line num="415" type="stmt" count="0"/>
        <line num="416" type="stmt" count="0"/>
        <line num="417" type="stmt" count="0"/>
        <line num="418" type="stmt" count="0"/>
        <line num="424" type="method" name="isString" visibility="public" complexity="1" crap="2" count="0"/>
        <line num="425" type="stmt" count="0"/>
        <line num="426" type="stmt" count="0"/>
        <line num="427" type="stmt" count="0"/>
        <line num="428" type="stmt" count="0"/>
        <line num="434" type="method" name="isNumeric" visibility="public" complexity="1" crap="2" count="0"/>
        <line num="435" type="stmt" count="0"/>
        <line num="436" type="stmt" count="0"/>
        <line num="437" type="stmt" count="0"/>
        <line num="438" type="stmt" count="0"/>
        <line num="442" type="method" name="isValidNumber" visibility="public" complexity="1" crap="2" count="0"/>
        <line num="443" type="stmt" count="0"/>
        <line num="444" type="stmt" count="0"/>
        <line num="445" type="stmt" count="0"/>
        <line num="446" type="stmt" count="0"/>
        <line num="450" type="method" name="isAfterMinutes" visibility="public" complexity="1" crap="2" count="0"/>
        <line num="451" type="stmt" count="0"/>
        <line num="452" type="stmt" count="0"/>
        <line num="453" type="stmt" count="0"/>
        <line num="454" type="stmt" count="0"/>
        <line num="459" type="method" name="isVaildDateTime" visibility="public" complexity="4" crap="20" count="0"/>
        <line num="460" type="stmt" count="0"/>
        <line num="461" type="stmt" count="0"/>
        <line num="462" type="stmt" count="0"/>
        <line num="463" type="stmt" count="0"/>
        <line num="464" type="stmt" count="0"/>
        <line num="465" type="stmt" count="0"/>
        <line num="466" type="stmt" count="0"/>
        <line num="467" type="stmt" count="0"/>
        <line num="468" type="stmt" count="0"/>
        <line num="469" type="stmt" count="0"/>
        <line num="470" type="stmt" count="0"/>
        <line num="477" type="method" name="invalidMobileException" visibility="protected" complexity="1" crap="2" count="0"/>
        <line num="478" type="stmt" count="0"/>
        <line num="479" type="stmt" count="0"/>
        <line num="480" type="stmt" count="0"/>
        <line num="481" type="stmt" count="0"/>
        <line num="490" type="method" name="addMobile" visibility="public" complexity="5" crap="30" count="0"/>
        <line num="491" type="stmt" count="0"/>
        <line num="492" type="stmt" count="0"/>
        <line num="493" type="stmt" count="0"/>
        <line num="494" type="stmt" count="0"/>
        <line num="495" type="stmt" count="0"/>
        <line num="496" type="stmt" count="0"/>
        <line num="497" type="stmt" count="0"/>
        <line num="498" type="stmt" count="0"/>
        <line num="499" type="stmt" count="0"/>
        <line num="500" type="stmt" count="0"/>
        <line num="501" type="stmt" count="0"/>
        <line num="502" type="stmt" count="0"/>
        <line num="503" type="stmt" count="0"/>
        <line num="504" type="stmt" count="0"/>
        <line num="505" type="stmt" count="0"/>
        <line num="506" type="stmt" count="0"/>
        <line num="515" type="method" name="checkMessageLength" visibility="protected" complexity="2" crap="6" count="0"/>
        <line num="516" type="stmt" count="0"/>
        <line num="517" type="stmt" count="0"/>
        <line num="518" type="stmt" count="0"/>
        <line num="519" type="stmt" count="0"/>
        <line num="520" type="stmt" count="0"/>
        <line num="521" type="stmt" count="0"/>
        <line num="522" type="stmt" count="0"/>
        <line num="523" type="stmt" count="0"/>
        <line num="524" type="stmt" count="0"/>
        <line num="532" type="method" name="addMessage" visibility="public" complexity="6" crap="42" count="0"/>
        <line num="533" type="stmt" count="0"/>
        <line num="534" type="stmt" count="0"/>
        <line num="535" type="stmt" count="0"/>
        <line num="536" type="stmt" count="0"/>
        <line num="537" type="stmt" count="0"/>
        <line num="538" type="stmt" count="0"/>
        <line num="539" type="stmt" count="0"/>
        <line num="540" type="stmt" count="0"/>
        <line num="541" type="stmt" count="0"/>
        <line num="542" type="stmt" count="0"/>
        <line num="543" type="stmt" count="0"/>
        <line num="544" type="stmt" count="0"/>
        <line num="545" type="stmt" count="0"/>
        <line num="546" type="stmt" count="0"/>
        <line num="547" type="stmt" count="0"/>
        <line num="557" type="method" name="addSender" visibility="protected" complexity="6" crap="42" count="0"/>
        <line num="558" type="stmt" count="0"/>
        <line num="559" type="stmt" count="0"/>
        <line num="560" type="stmt" count="0"/>
        <line num="561" type="stmt" count="0"/>
        <line num="562" type="stmt" count="0"/>
        <line num="563" type="stmt" count="0"/>
        <line num="564" type="stmt" count="0"/>
        <line num="565" type="stmt" count="0"/>
        <line num="566" type="stmt" count="0"/>
        <line num="567" type="stmt" count="0"/>
        <line num="568" type="stmt" count="0"/>
        <line num="569" type="stmt" count="0"/>
        <line num="570" type="stmt" count="0"/>
        <line num="571" type="stmt" count="0"/>
        <line num="572" type="stmt" count="0"/>
        <line num="573" type="stmt" count="0"/>
        <line num="574" type="stmt" count="0"/>
        <line num="575" type="stmt" count="0"/>
        <line num="576" type="stmt" count="0"/>
        <line num="585" type="method" name="addCountry" visibility="public" complexity="4" crap="20" count="0"/>
        <line num="586" type="stmt" count="0"/>
        <line num="587" type="stmt" count="0"/>
        <line num="588" type="stmt" count="0"/>
        <line num="589" type="stmt" count="0"/>
        <line num="590" type="stmt" count="0"/>
        <line num="591" type="stmt" count="0"/>
        <line num="592" type="stmt" count="0"/>
        <line num="593" type="stmt" count="0"/>
        <line num="594" type="stmt" count="0"/>
        <line num="595" type="stmt" count="0"/>
        <line num="604" type="method" name="addFlash" visibility="public" complexity="4" crap="20" count="0"/>
        <line num="605" type="stmt" count="0"/>
        <line num="606" type="stmt" count="0"/>
        <line num="607" type="stmt" count="0"/>
        <line num="608" type="stmt" count="0"/>
        <line num="609" type="stmt" count="0"/>
        <line num="610" type="stmt" count="0"/>
        <line num="611" type="stmt" count="0"/>
        <line num="612" type="stmt" count="0"/>
        <line num="621" type="method" name="addUnicode" visibility="public" complexity="4" crap="20" count="0"/>
        <line num="622" type="stmt" count="0"/>
        <line num="623" type="stmt" count="0"/>
        <line num="624" type="stmt" count="0"/>
        <line num="625" type="stmt" count="0"/>
        <line num="626" type="stmt" count="0"/>
        <line num="627" type="stmt" count="0"/>
        <line num="628" type="stmt" count="0"/>
        <line num="629" type="stmt" count="0"/>
        <line num="638" type="method" name="addSchtime" visibility="public" complexity="4" crap="20" count="0"/>
        <line num="639" type="stmt" count="0"/>
        <line num="640" type="stmt" count="0"/>
        <line num="641" type="stmt" count="0"/>
        <line num="642" type="stmt" count="0"/>
        <line num="643" type="stmt" count="0"/>
        <line num="644" type="stmt" count="0"/>
        <line num="645" type="stmt" count="0"/>
        <line num="646" type="stmt" count="0"/>
        <line num="647" type="stmt" count="0"/>
        <line num="648" type="stmt" count="0"/>
        <line num="649" type="stmt" count="0"/>
        <line num="658" type="method" name="addAfterMinutes" visibility="public" complexity="5" crap="30" count="0"/>
        <line num="659" type="stmt" count="0"/>
        <line num="660" type="stmt" count="0"/>
        <line num="661" type="stmt" count="0"/>
        <line num="662" type="stmt" count="0"/>
        <line num="663" type="stmt" count="0"/>
        <line num="664" type="stmt" count="0"/>
        <line num="665" type="stmt" count="0"/>
        <line num="666" type="stmt" count="0"/>
        <line num="667" type="stmt" count="0"/>
        <line num="668" type="stmt" count="0"/>
        <line num="669" type="stmt" count="0"/>
        <line num="670" type="stmt" count="0"/>
        <line num="671" type="stmt" count="0"/>
        <line num="672" type="stmt" count="0"/>
        <line num="673" type="stmt" count="0"/>
        <line num="681" type="method" name="addResponse" visibility="public" complexity="5" crap="30" count="0"/>
        <line num="682" type="stmt" count="0"/>
        <line num="683" type="stmt" count="0"/>
        <line num="684" type="stmt" count="0"/>
        <line num="685" type="stmt" count="0"/>
        <line num="686" type="stmt" count="0"/>
        <line num="687" type="stmt" count="0"/>
        <line num="688" type="stmt" count="0"/>
        <line num="689" type="stmt" count="0"/>
        <line num="690" type="stmt" count="0"/>
        <line num="691" type="stmt" count="0"/>
        <line num="692" type="stmt" count="0"/>
        <line num="693" type="stmt" count="0"/>
        <line num="694" type="stmt" count="0"/>
        <line num="702" type="method" name="addCampaign" visibility="public" complexity="4" crap="20" count="0"/>
        <line num="703" type="stmt" count="0"/>
        <line num="704" type="stmt" count="0"/>
        <line num="705" type="stmt" count="0"/>
        <line num="706" type="stmt" count="0"/>
        <line num="707" type="stmt" count="0"/>
        <line num="708" type="stmt" count="0"/>
        <line num="709" type="stmt" count="0"/>
        <line num="710" type="stmt" count="0"/>
        <line num="711" type="stmt" count="0"/>
        <line num="712" type="stmt" count="0"/>
        <line num="722" type="method" name="sendSms" visibility="public" complexity="6" crap="42" count="0"/>
        <line num="723" type="stmt" count="0"/>
        <line num="724" type="stmt" count="0"/>
        <line num="725" type="stmt" count="0"/>
        <line num="726" type="stmt" count="0"/>
        <line num="728" type="stmt" count="0"/>
        <line num="729" type="stmt" count="0"/>
        <line num="730" type="stmt" count="0"/>
        <line num="731" type="stmt" count="0"/>
        <line num="732" type="stmt" count="0"/>
        <line num="733" type="stmt" count="0"/>
        <line num="734" type="stmt" count="0"/>
        <line num="735" type="stmt" count="0"/>
        <line num="736" type="stmt" count="0"/>
        <line num="737" type="stmt" count="0"/>
        <line num="738" type="stmt" count="0"/>
        <line num="739" type="stmt" count="0"/>
        <line num="740" type="stmt" count="0"/>
        <line num="741" type="stmt" count="0"/>
        <line num="742" type="stmt" count="0"/>
        <line num="743" type="stmt" count="0"/>
        <line num="744" type="stmt" count="0"/>
        <line num="745" type="stmt" count="0"/>
        <line num="746" type="stmt" count="0"/>
        <line num="747" type="stmt" count="0"/>
        <line num="748" type="stmt" count="0"/>
        <line num="749" type="stmt" count="0"/>
        <line num="750" type="stmt" count="0"/>
        <line num="751" type="stmt" count="0"/>
        <line num="752" type="stmt" count="0"/>
        <line num="753" type="stmt" count="0"/>
        <line num="754" type="stmt" count="0"/>
        <line num="755" type="stmt" count="0"/>
        <line num="756" type="stmt" count="0"/>
        <line num="757" type="stmt" count="0"/>
        <line num="765" type="method" name="sendXmlSms" visibility="public" complexity="35" crap="1260" count="0"/>
        <line num="766" type="stmt" count="0"/>
        <line num="767" type="stmt" count="0"/>
        <line num="768" type="stmt" count="0"/>
        <line num="770" type="stmt" count="0"/>
        <line num="772" type="stmt" count="0"/>
        <line num="777" type="stmt" count="0"/>
        <line num="778" type="stmt" count="0"/>
        <line num="780" type="stmt" count="0"/>
        <line num="781" type="stmt" count="0"/>
        <line num="782" type="stmt" count="0"/>
        <line num="783" type="stmt" count="0"/>
        <line num="784" type="stmt" count="0"/>
        <line num="789" type="stmt" count="0"/>
        <line num="794" type="stmt" count="0"/>
        <line num="795" type="stmt" count="0"/>
        <line num="797" type="stmt" count="0"/>
        <line num="798" type="stmt" count="0"/>
        <line num="799" type="stmt" count="0"/>
        <line num="800" type="stmt" count="0"/>
        <line num="801" type="stmt" count="0"/>
        <line num="802" type="stmt" count="0"/>
        <line num="807" type="stmt" count="0"/>
        <line num="808" type="stmt" count="0"/>
        <line num="810" type="stmt" count="0"/>
        <line num="811" type="stmt" count="0"/>
        <line num="812" type="stmt" count="0"/>
        <line num="813" type="stmt" count="0"/>
        <line num="814" type="stmt" count="0"/>
        <line num="819" type="stmt" count="0"/>
        <line num="820" type="stmt" count="0"/>
        <line num="822" type="stmt" count="0"/>
        <line num="823" type="stmt" count="0"/>
        <line num="824" type="stmt" count="0"/>
        <line num="825" type="stmt" count="0"/>
        <line num="826" type="stmt" count="0"/>
        <line num="831" type="stmt" count="0"/>
        <line num="832" type="stmt" count="0"/>
        <line num="833" type="stmt" count="0"/>
        <line num="835" type="stmt" count="0"/>
        <line num="836" type="stmt" count="0"/>
        <line num="841" type="stmt" count="0"/>
        <line num="842" type="stmt" count="0"/>
        <line num="843" type="stmt" count="0"/>
        <line num="845" type="stmt" count="0"/>
        <line num="846" type="stmt" count="0"/>
        <line num="847" type="stmt" count="0"/>
        <line num="848" type="stmt" count="0"/>
        <line num="849" type="stmt" count="0"/>
        <line num="850" type="stmt" count="0"/>
        <line num="851" type="stmt" count="0"/>
        <line num="852" type="stmt" count="0"/>
        <line num="854" type="stmt" count="0"/>
        <line num="855" type="stmt" count="0"/>
        <line num="856" type="stmt" count="0"/>
        <line num="857" type="stmt" count="0"/>
        <line num="858" type="stmt" count="0"/>
        <line num="859" type="stmt" count="0"/>
        <line num="860" type="stmt" count="0"/>
        <line num="861" type="stmt" count="0"/>
        <line num="862" type="stmt" count="0"/>
        <line num="863" type="stmt" count="0"/>
        <line num="864" type="stmt" count="0"/>
        <line num="865" type="stmt" count="0"/>
        <line num="866" type="stmt" count="0"/>
        <line num="867" type="stmt" count="0"/>
        <line num="868" type="stmt" count="0"/>
        <line num="869" type="stmt" count="0"/>
        <line num="870" type="stmt" count="0"/>
        <line num="871" type="stmt" count="0"/>
        <line num="872" type="stmt" count="0"/>
        <line num="873" type="stmt" count="0"/>
        <line num="874" type="stmt" count="0"/>
        <line num="875" type="stmt" count="0"/>
        <line num="876" type="stmt" count="0"/>
        <line num="877" type="stmt" count="0"/>
        <line num="878" type="stmt" count="0"/>
        <line num="880" type="stmt" count="0"/>
        <line num="881" type="stmt" count="0"/>
        <line num="882" type="stmt" count="0"/>
        <line num="883" type="stmt" count="0"/>
        <line num="884" type="stmt" count="0"/>
        <line num="885" type="stmt" count="0"/>
        <line num="886" type="stmt" count="0"/>
        <line num="887" type="stmt" count="0"/>
        <line num="888" type="stmt" count="0"/>
        <line num="889" type="stmt" count="0"/>
        <line num="890" type="stmt" count="0"/>
        <line num="891" type="stmt" count="0"/>
        <line num="892" type="stmt" count="0"/>
        <line num="893" type="stmt" count="0"/>
        <line num="894" type="stmt" count="0"/>
        <line num="895" type="stmt" count="0"/>
        <line num="896" type="stmt" count="0"/>
        <line num="897" type="stmt" count="0"/>
        <line num="898" type="stmt" count="0"/>
        <line num="899" type="stmt" count="0"/>
        <line num="900" type="stmt" count="0"/>
        <line num="901" type="stmt" count="0"/>
        <line num="902" type="stmt" count="0"/>
        <line num="903" type="stmt" count="0"/>
        <line num="904" type="stmt" count="0"/>
        <line num="906" type="stmt" count="0"/>
        <line num="907" type="stmt" count="0"/>
        <line num="908" type="stmt" count="0"/>
        <line num="909" type="stmt" count="0"/>
        <line num="910" type="stmt" count="0"/>
        <line num="911" type="stmt" count="0"/>
        <line num="912" type="stmt" count="0"/>
        <metrics loc="913" ncloc="524" classes="1" methods="61" coveredmethods="0" conditionals="0" coveredconditionals="0" statements="447" coveredstatements="0" elements="508" coveredelements="0"/>
      </file>
      <file name="/home/tesark/open/deliver/src/Sender/TransactionalSms.php">
        <class name="TransactionalSms" namespace="Sender">
          <metrics complexity="4" methods="2" coveredmethods="0" conditionals="0" coveredconditionals="0" statements="17" coveredstatements="0" elements="19" coveredelements="0"/>
        </class>
        <line num="23" type="method" name="__construct" visibility="public" complexity="1" crap="2" count="0"/>
        <line num="24" type="stmt" count="0"/>
        <line num="25" type="stmt" count="0"/>
        <line num="26" type="stmt" count="0"/>
        <line num="34" type="method" name="sendTransactional" visibility="public" complexity="3" crap="12" count="0"/>
        <line num="35" type="stmt" count="0"/>
        <line num="36" type="stmt" count="0"/>
        <line num="37" type="stmt" count="0"/>
        <line num="39" type="stmt" count="0"/>
        <line num="40" type="stmt" count="0"/>
        <line num="41" type="stmt" count="0"/>
        <line num="43" type="stmt" count="0"/>
        <line num="44" type="stmt" count="0"/>
        <line num="45" type="stmt" count="0"/>
        <line num="46" type="stmt" count="0"/>
        <line num="47" type="stmt" count="0"/>
        <line num="48" type="stmt" count="0"/>
        <line num="49" type="stmt" count="0"/>
        <line num="50" type="stmt" count="0"/>
        <metrics loc="51" ncloc="29" classes="1" methods="2" coveredmethods="0" conditionals="0" coveredconditionals="0" statements="17" coveredstatements="0" elements="19" coveredelements="0"/>
      </file>
      <file name="/home/tesark/open/deliver/src/Sender/Validation.php">
        <class name="Validation" namespace="Sender">
          <metrics complexity="14" methods="8" coveredmethods="6" conditionals="0" coveredconditionals="0" statements="22" coveredstatements="18" elements="30" coveredelements="24"/>
        </class>
        <line num="23" type="method" name="isString" visibility="public" complexity="1" crap="1" count="4"/>
        <line num="25" type="stmt" count="4"/>
        <line num="33" type="method" name="isInteger" visibility="public" complexity="1" crap="1" count="4"/>
        <line num="35" type="stmt" count="4"/>
        <line num="43" type="method" name="isNumeric" visibility="public" complexity="1" crap="1" count="7"/>
        <line num="45" type="stmt" count="7"/>
        <line num="53" type="method" name="checkAuthKey" visibility="public" complexity="3" crap="3" count="6"/>
        <line num="55" type="stmt" count="6"/>
        <line num="56" type="stmt" count="3"/>
        <line num="58" type="stmt" count="3"/>
        <line num="67" type="method" name="isValidDateFirstFormat" visibility="public" complexity="2" crap="2" count="2"/>
        <line num="69" type="stmt" count="2"/>
        <line num="70" type="stmt" count="2"/>
        <line num="71" type="stmt" count="2"/>
        <line num="78" type="method" name="isValidDateSecondFormat" visibility="public" complexity="2" crap="2" count="2"/>
        <line num="80" type="stmt" count="2"/>
        <line num="81" type="stmt" count="2"/>
        <line num="82" type="stmt" count="2"/>
        <line num="90" type="method" name="isValidTimeStamp" visibility="public" complexity="3" crap="3.03" count="2"/>
        <line num="92" type="stmt" count="2"/>
        <line num="93" type="stmt" count="1"/>
        <line num="94" type="stmt" count="1"/>
        <line num="95" type="stmt" count="1"/>
        <line num="96" type="stmt" count="1"/>
        <line num="99" type="stmt" count="1"/>
        <line num="101" type="stmt" count="0"/>
        <line num="108" type="method" name="isVaildAfterMinutes" visibility="public" complexity="1" crap="2" count="0"/>
        <line num="110" type="stmt" count="0"/>
        <line num="111" type="stmt" count="0"/>
        <line num="112" type="stmt" count="0"/>
        <metrics loc="114" ncloc="59" classes="1" methods="8" coveredmethods="6" conditionals="0" coveredconditionals="0" statements="22" coveredstatements="18" elements="30" coveredelements="24"/>
      </file>
    </package>
    <package name="Sender\ExceptionClass">
      <file name="/home/tesark/open/deliver/src/Sender/ExceptionClass/ParameterException.php">
        <class name="ParameterException" namespace="Sender\ExceptionClass">
          <metrics complexity="3" methods="3" coveredmethods="0" conditionals="0" coveredconditionals="0" statements="10" coveredstatements="0" elements="13" coveredelements="0"/>
        </class>
        <line num="23" type="method" name="invalidArrtibuteType" visibility="public" complexity="1" crap="2" count="0"/>
        <line num="24" type="stmt" count="0"/>
        <line num="25" type="stmt" count="0"/>
        <line num="26" type="stmt" count="0"/>
        <line num="36" type="method" name="invalidInput" visibility="public" complexity="1" crap="2" count="0"/>
        <line num="37" type="stmt" count="0"/>
        <line num="38" type="stmt" count="0"/>
        <line num="39" type="stmt" count="0"/>
        <line num="40" type="stmt" count="0"/>
        <line num="47" type="method" name="missinglogic" visibility="public" complexity="1" crap="2" count="0"/>
        <line num="48" type="stmt" count="0"/>
        <line num="49" type="stmt" count="0"/>
        <line num="50" type="stmt" count="0"/>
        <metrics loc="51" ncloc="20" classes="1" methods="3" coveredmethods="0" conditionals="0" coveredconditionals="0" statements="10" coveredstatements="0" elements="13" coveredelements="0"/>
      </file>
    </package>
    <package name="Sender\Log">
      <file name="/home/tesark/open/deliver/src/Sender/Log/Log.php">
        <class name="Log" namespace="Sender\Log">
          <metrics complexity="4" methods="3" coveredmethods="0" conditionals="0" coveredconditionals="0" statements="17" coveredstatements="0" elements="20" coveredelements="0"/>
        </class>
        <line num="20" type="method" name="__construct" visibility="public" complexity="2" crap="6" count="0"/>
        <line num="21" type="stmt" count="0"/>
        <line num="22" type="stmt" count="0"/>
        <line num="24" type="stmt" count="0"/>
        <line num="25" type="stmt" count="0"/>
        <line num="26" type="stmt" count="0"/>
        <line num="33" type="method" name="error" visibility="public" complexity="1" crap="2" count="0"/>
        <line num="34" type="stmt" count="0"/>
        <line num="35" type="stmt" count="0"/>
        <line num="36" type="stmt" count="0"/>
        <line num="38" type="stmt" count="0"/>
        <line num="39" type="stmt" count="0"/>
        <line num="40" type="stmt" count="0"/>
        <line num="47" type="method" name="info" visibility="public" complexity="1" crap="2" count="0"/>
        <line num="48" type="stmt" count="0"/>
        <line num="49" type="stmt" count="0"/>
        <line num="50" type="stmt" count="0"/>
        <line num="52" type="stmt" count="0"/>
        <line num="53" type="stmt" count="0"/>
        <line num="54" type="stmt" count="0"/>
        <metrics loc="55" ncloc="31" classes="1" methods="3" coveredmethods="0" conditionals="0" coveredconditionals="0" statements="17" coveredstatements="0" elements="20" coveredelements="0"/>
      </file>
    </package>
    <metrics files="11" loc="2212" ncloc="1276" classes="11" methods="136" coveredmethods="7" conditionals="0" coveredconditionals="0" statements="983" coveredstatements="40" elements="1119" coveredelements="47"/>
  </project>
</coverage>
